c:\users\danie\source\repos\openglproject\openglproject\debug\vc143.pdb
c:\users\danie\source\repos\openglproject\openglproject\debug\vc143.idb
c:\users\danie\source\repos\openglproject\openglproject\debug\textures.obj
c:\users\danie\source\repos\openglproject\openglproject\debug\sweep.obj
c:\users\danie\source\repos\openglproject\openglproject\debug\source.obj
c:\users\danie\source\repos\openglproject\openglproject\debug\mover.obj
c:\users\danie\source\repos\openglproject\openglproject\debug\moriepattern.obj
c:\users\danie\source\repos\openglproject\openglproject\debug\loadtga.obj
c:\users\danie\source\repos\openglproject\openglproject\debug\floor.obj
c:\users\danie\source\repos\openglproject\openglproject\debug\camera.obj
c:\users\danie\source\repos\openglproject\openglproject\debug\ball.obj
c:\users\danie\source\repos\openglproject\openglproject\debug\ameswindow.obj
c:\users\danie\source\repos\openglproject\openglproject\debug\openglproject.ilk
c:\users\danie\source\repos\openglproject\debug\openglproject.exe
c:\users\danie\source\repos\openglproject\debug\openglproject.pdb
c:\users\danie\source\repos\openglproject\openglproject\debug\openglproject.tlog\cl.command.1.tlog
c:\users\danie\source\repos\openglproject\openglproject\debug\openglproject.tlog\cl.read.1.tlog
c:\users\danie\source\repos\openglproject\openglproject\debug\openglproject.tlog\cl.write.1.tlog
c:\users\danie\source\repos\openglproject\openglproject\debug\openglproject.tlog\link.command.1.tlog
c:\users\danie\source\repos\openglproject\openglproject\debug\openglproject.tlog\link.read.1.tlog
c:\users\danie\source\repos\openglproject\openglproject\debug\openglproject.tlog\link.write.1.tlog
